[ 2016-04-24T08:55:59+08:00 ] 127.0.0.1 /index.php/admin/index/login
INFO: [ route_check ] --START--
INFO: Run CheckRoute Behavior [ RunTime:0.014001s ]
INFO: [ route_check ] --END-- [ RunTime:0.017001s ]
INFO: [ app_begin ] --START--
INFO: Run ReadHtmlCache Behavior [ RunTime:0.040002s ]
INFO: [ app_begin ] --END-- [ RunTime:0.043002s ]
INFO: [ view_template ] --START--
INFO: Run LocationTemplate Behavior [ RunTime:0.056004s ]
INFO: [ view_template ] --END-- [ RunTime:0.147009s ]
INFO: [ view_parse ] --START--
NOTIC: [8] Undefined variable: ver D:\apmserv\APMServ5.2.6\www\guoan\Runtime\Cache\Admin\8807f66038bd016e2198913ff3803ad8.php 第 94 行.
INFO: Run ParseTemplate Behavior [ RunTime:0.627036s ]
INFO: [ view_parse ] --END-- [ RunTime:0.630036s ]
INFO: [ view_filter ] --START--
INFO: Run ContentReplace Behavior [ RunTime:0.045003s ]
INFO: Run TokenBuild Behavior [ RunTime:0.036002s ]
INFO: Run WriteHtmlCache Behavior [ RunTime:0.041003s ]
INFO: Run ShowRuntime Behavior [ RunTime:0.069004s ]
INFO: [ view_filter ] --END-- [ RunTime:0.314018s ]
INFO: [ view_end ] --START--
INFO: Run ShowPageTrace Behavior [ RunTime:0.042002s ]
INFO: [ view_end ] --END-- [ RunTime:0.413024s ]

[ 2016-04-24T08:56:04+08:00 ] 127.0.0.1 /index.php/admin/index/verify
INFO: [ route_check ] --START--
INFO: Run CheckRoute Behavior [ RunTime:0.399023s ]
INFO: [ route_check ] --END-- [ RunTime:0.403023s ]
INFO: [ app_begin ] --START--
INFO: Run ReadHtmlCache Behavior [ RunTime:0.217012s ]
INFO: [ app_begin ] --END-- [ RunTime:0.220012s ]

[ 2016-04-24T08:59:59+08:00 ] ERR: (ThinkException) mysqlnd cannot connect to MySQL 4.1+ using the old insecure authentication. Please use an administration tool to reset your password with the command SET PASSWORD = PASSWORD('your_existing_password'). This will store a new, and more secure, hash value in mysql.user. If this user is used in other scripts executed by PHP 5.2 or earlier you might need to remove the old-passwords flag from your my.cnf file
[ 2016-04-24T09:00:20+08:00 ] ERR: (ThinkException) mysqlnd cannot connect to MySQL 4.1+ using the old insecure authentication. Please use an administration tool to reset your password with the command SET PASSWORD = PASSWORD('your_existing_password'). This will store a new, and more secure, hash value in mysql.user. If this user is used in other scripts executed by PHP 5.2 or earlier you might need to remove the old-passwords flag from your my.cnf file
[ 2016-04-24T09:01:34+08:00 ] ERR: (ThinkException) mysqlnd cannot connect to MySQL 4.1+ using the old insecure authentication. Please use an administration tool to reset your password with the command SET PASSWORD = PASSWORD('your_existing_password'). This will store a new, and more secure, hash value in mysql.user. If this user is used in other scripts executed by PHP 5.2 or earlier you might need to remove the old-passwords flag from your my.cnf file
[ 2016-04-24T09:01:37+08:00 ] ERR: (ThinkException) mysqlnd cannot connect to MySQL 4.1+ using the old insecure authentication. Please use an administration tool to reset your password with the command SET PASSWORD = PASSWORD('your_existing_password'). This will store a new, and more secure, hash value in mysql.user. If this user is used in other scripts executed by PHP 5.2 or earlier you might need to remove the old-passwords flag from your my.cnf file
[ 2016-04-24T09:01:40+08:00 ] ERR: (ThinkException) mysqlnd cannot connect to MySQL 4.1+ using the old insecure authentication. Please use an administration tool to reset your password with the command SET PASSWORD = PASSWORD('your_existing_password'). This will store a new, and more secure, hash value in mysql.user. If this user is used in other scripts executed by PHP 5.2 or earlier you might need to remove the old-passwords flag from your my.cnf file
[ 2016-04-24T09:02:49+08:00 ] ERR: (ThinkException) mysqlnd cannot connect to MySQL 4.1+ using the old insecure authentication. Please use an administration tool to reset your password with the command SET PASSWORD = PASSWORD('your_existing_password'). This will store a new, and more secure, hash value in mysql.user. If this user is used in other scripts executed by PHP 5.2 or earlier you might need to remove the old-passwords flag from your my.cnf file
